2023-06-01 19:19:18.911 DEBUG [main] [io.netty.util.internal.logging.InternalLoggerFactory.useLog4J2LoggerFactory(InternalLoggerFactory.java:76)] - Using Log4J2 as the default logging framework
2023-06-01 19:19:18.916 DEBUG [main] [io.netty.util.ResourceLeakDetector.<clinit>(ResourceLeakDetector.java:129)] - -Dio.netty.leakDetection.level: simple
2023-06-01 19:19:18.917 DEBUG [main] [io.netty.util.ResourceLeakDetector.<clinit>(ResourceLeakDetector.java:130)] - -Dio.netty.leakDetection.targetRecords: 4
2023-06-01 19:19:18.920 DEBUG [main] [io.netty.util.ResourceLeakDetectorFactory$DefaultResourceLeakDetectorFactory.newResourceLeakDetector(ResourceLeakDetectorFactory.java:196)] - Loaded default ResourceLeakDetector: io.netty.util.ResourceLeakDetector@5e8c34a0
2023-06-01 19:19:18.937 DEBUG [main] [io.netty.util.internal.PlatformDependent0.explicitNoUnsafeCause0(PlatformDependent0.java:496)] - -Dio.netty.noUnsafe: false
2023-06-01 19:19:18.937 DEBUG [main] [io.netty.util.internal.PlatformDependent0.javaVersion0(PlatformDependent0.java:1000)] - Java version: 17
2023-06-01 19:19:18.940 DEBUG [main] [io.netty.util.internal.PlatformDependent0.<clinit>(PlatformDependent0.java:137)] - sun.misc.Unsafe.theUnsafe: available
2023-06-01 19:19:18.941 DEBUG [main] [io.netty.util.internal.PlatformDependent0.<clinit>(PlatformDependent0.java:161)] - sun.misc.Unsafe.copyMemory: available
2023-06-01 19:19:18.941 DEBUG [main] [io.netty.util.internal.PlatformDependent0.<clinit>(PlatformDependent0.java:193)] - sun.misc.Unsafe.storeFence: available
2023-06-01 19:19:18.942 DEBUG [main] [io.netty.util.internal.PlatformDependent0.<clinit>(PlatformDependent0.java:236)] - java.nio.Buffer.address: available
2023-06-01 19:19:18.942 DEBUG [main] [io.netty.util.internal.PlatformDependent0.<clinit>(PlatformDependent0.java:320)] - direct buffer constructor: unavailable: Reflective setAccessible(true) disabled
2023-06-01 19:19:18.943 DEBUG [main] [io.netty.util.internal.PlatformDependent0.<clinit>(PlatformDependent0.java:385)] - java.nio.Bits.unaligned: available, true
2023-06-01 19:19:18.944 DEBUG [main] [io.netty.util.internal.PlatformDependent0.<clinit>(PlatformDependent0.java:452)] - jdk.internal.misc.Unsafe.allocateUninitializedArray(int): unavailable: class io.netty.util.internal.PlatformDependent0$7 cannot access class jdk.internal.misc.Unsafe (in module java.base) because module java.base does not export jdk.internal.misc to unnamed module @5ae63ade
2023-06-01 19:19:18.944 DEBUG [main] [io.netty.util.internal.PlatformDependent0.<clinit>(PlatformDependent0.java:482)] - java.nio.DirectByteBuffer.<init>(long, int): unavailable
2023-06-01 19:19:18.945 DEBUG [main] [io.netty.util.internal.PlatformDependent.unsafeUnavailabilityCause0(PlatformDependent.java:1159)] - sun.misc.Unsafe: available
2023-06-01 19:19:18.945 DEBUG [main] [io.netty.util.internal.PlatformDependent.estimateMaxDirectMemory(PlatformDependent.java:1270)] - maxDirectMemory: 4227858432 bytes (maybe)
2023-06-01 19:19:18.945 DEBUG [main] [io.netty.util.internal.PlatformDependent.tmpdir0(PlatformDependent.java:1289)] - -Dio.netty.tmpdir: C:\Users\yogpa\AppData\Local\Temp (java.io.tmpdir)
2023-06-01 19:19:18.945 DEBUG [main] [io.netty.util.internal.PlatformDependent.bitMode0(PlatformDependent.java:1368)] - -Dio.netty.bitMode: 64 (sun.arch.data.model)
2023-06-01 19:19:18.946 DEBUG [main] [io.netty.util.internal.PlatformDependent.isWindows0(PlatformDependent.java:1119)] - Platform: Windows
2023-06-01 19:19:18.946 DEBUG [main] [io.netty.util.internal.PlatformDependent.<clinit>(PlatformDependent.java:178)] - -Dio.netty.maxDirectMemory: -1 bytes
2023-06-01 19:19:18.947 DEBUG [main] [io.netty.util.internal.PlatformDependent.<clinit>(PlatformDependent.java:185)] - -Dio.netty.uninitializedArrayAllocationThreshold: -1
2023-06-01 19:19:18.947 DEBUG [main] [io.netty.util.internal.CleanerJava9.<clinit>(CleanerJava9.java:71)] - java.nio.ByteBuffer.cleaner(): available
2023-06-01 19:19:18.948 DEBUG [main] [io.netty.util.internal.PlatformDependent.<clinit>(PlatformDependent.java:205)] - -Dio.netty.noPreferDirect: false
2023-06-01 19:19:18.952 DEBUG [main] [io.netty.util.internal.PlatformDependent$Mpsc.<clinit>(PlatformDependent.java:1010)] - org.jctools-core.MpscChunkedArrayQueue: available
2023-06-01 19:19:18.965 DEBUG [main] [io.netty.util.internal.InternalThreadLocalMap.<clinit>(InternalThreadLocalMap.java:100)] - -Dio.netty.threadLocalMap.stringBuilder.initialSize: 1024
2023-06-01 19:19:18.966 DEBUG [main] [io.netty.util.internal.InternalThreadLocalMap.<clinit>(InternalThreadLocalMap.java:101)] - -Dio.netty.threadLocalMap.stringBuilder.maxSize: 4096
2023-06-01 19:19:19.067 DEBUG [main] [io.netty.handler.ssl.JdkSslContext.<clinit>(JdkSslContext.java:83)] - Default protocols (JDK): [TLSv1.3, TLSv1.2] 
2023-06-01 19:19:19.068 DEBUG [main] [io.netty.handler.ssl.JdkSslContext.<clinit>(JdkSslContext.java:84)] - Default cipher suites (JDK): [TLS_ECDHE_ECDSA_WITH_AES_256_GCM_SHA384, TLS_ECDHE_ECDSA_WITH_AES_128_GCM_SHA256, TLS_ECDHE_RSA_WITH_AES_128_GCM_SHA256, TLS_ECDHE_RSA_WITH_AES_256_GCM_SHA384, TLS_ECDHE_RSA_WITH_AES_128_CBC_SHA, TLS_ECDHE_RSA_WITH_AES_256_CBC_SHA, TLS_RSA_WITH_AES_128_GCM_SHA256, TLS_RSA_WITH_AES_128_CBC_SHA, TLS_RSA_WITH_AES_256_CBC_SHA, TLS_AES_128_GCM_SHA256, TLS_AES_256_GCM_SHA384]
2023-06-01 19:19:19.076 DEBUG [main] [io.netty.util.concurrent.GlobalEventExecutor.<clinit>(GlobalEventExecutor.java:53)] - -Dio.netty.globalEventExecutor.quietPeriodSeconds: 1
2023-06-01 19:19:19.086 DEBUG [main] [io.netty.channel.MultithreadEventLoopGroup.<clinit>(MultithreadEventLoopGroup.java:44)] - -Dio.netty.eventLoopThreads: 16
2023-06-01 19:19:19.092 DEBUG [main] [io.netty.channel.nio.NioEventLoop.<clinit>(NioEventLoop.java:110)] - -Dio.netty.noKeySetOptimization: false
2023-06-01 19:19:19.092 DEBUG [main] [io.netty.channel.nio.NioEventLoop.<clinit>(NioEventLoop.java:111)] - -Dio.netty.selectorAutoRebuildThreshold: 512
2023-06-01 19:19:19.122 DEBUG [main] [io.netty.buffer.PooledByteBufAllocator.<clinit>(PooledByteBufAllocator.java:157)] - -Dio.netty.allocator.numHeapArenas: 16
2023-06-01 19:19:19.122 DEBUG [main] [io.netty.buffer.PooledByteBufAllocator.<clinit>(PooledByteBufAllocator.java:158)] - -Dio.netty.allocator.numDirectArenas: 16
2023-06-01 19:19:19.122 DEBUG [main] [io.netty.buffer.PooledByteBufAllocator.<clinit>(PooledByteBufAllocator.java:160)] - -Dio.netty.allocator.pageSize: 8192
2023-06-01 19:19:19.123 DEBUG [main] [io.netty.buffer.PooledByteBufAllocator.<clinit>(PooledByteBufAllocator.java:165)] - -Dio.netty.allocator.maxOrder: 9
2023-06-01 19:19:19.123 DEBUG [main] [io.netty.buffer.PooledByteBufAllocator.<clinit>(PooledByteBufAllocator.java:169)] - -Dio.netty.allocator.chunkSize: 4194304
2023-06-01 19:19:19.123 DEBUG [main] [io.netty.buffer.PooledByteBufAllocator.<clinit>(PooledByteBufAllocator.java:170)] - -Dio.netty.allocator.smallCacheSize: 256
2023-06-01 19:19:19.123 DEBUG [main] [io.netty.buffer.PooledByteBufAllocator.<clinit>(PooledByteBufAllocator.java:171)] - -Dio.netty.allocator.normalCacheSize: 64
2023-06-01 19:19:19.123 DEBUG [main] [io.netty.buffer.PooledByteBufAllocator.<clinit>(PooledByteBufAllocator.java:172)] - -Dio.netty.allocator.maxCachedBufferCapacity: 32768
2023-06-01 19:19:19.123 DEBUG [main] [io.netty.buffer.PooledByteBufAllocator.<clinit>(PooledByteBufAllocator.java:173)] - -Dio.netty.allocator.cacheTrimInterval: 8192
2023-06-01 19:19:19.123 DEBUG [main] [io.netty.buffer.PooledByteBufAllocator.<clinit>(PooledByteBufAllocator.java:174)] - -Dio.netty.allocator.cacheTrimIntervalMillis: 0
2023-06-01 19:19:19.124 DEBUG [main] [io.netty.buffer.PooledByteBufAllocator.<clinit>(PooledByteBufAllocator.java:175)] - -Dio.netty.allocator.useCacheForAllThreads: false
2023-06-01 19:19:19.124 DEBUG [main] [io.netty.buffer.PooledByteBufAllocator.<clinit>(PooledByteBufAllocator.java:176)] - -Dio.netty.allocator.maxCachedByteBuffersPerChunk: 1023
2023-06-01 19:19:19.131 DEBUG [main] [io.netty.buffer.ByteBufUtil.<clinit>(ByteBufUtil.java:88)] - -Dio.netty.allocator.type: pooled
2023-06-01 19:19:19.131 DEBUG [main] [io.netty.buffer.ByteBufUtil.<clinit>(ByteBufUtil.java:97)] - -Dio.netty.threadLocalDirectBufferSize: 0
2023-06-01 19:19:19.131 DEBUG [main] [io.netty.buffer.ByteBufUtil.<clinit>(ByteBufUtil.java:100)] - -Dio.netty.maxThreadLocalCharBufferSize: 16384
2023-06-01 19:19:19.325 DEBUG [Forwarding newSession on session null to remote] [io.netty.channel.DefaultChannelId.<clinit>(DefaultChannelId.java:79)] - -Dio.netty.processId: 796 (auto-detected)
2023-06-01 19:19:19.327 DEBUG [Forwarding newSession on session null to remote] [io.netty.util.NetUtil.<clinit>(NetUtil.java:148)] - -Djava.net.preferIPv4Stack: false
2023-06-01 19:19:19.327 DEBUG [Forwarding newSession on session null to remote] [io.netty.util.NetUtil.<clinit>(NetUtil.java:149)] - -Djava.net.preferIPv6Addresses: false
2023-06-01 19:19:19.332 DEBUG [Forwarding newSession on session null to remote] [io.netty.util.NetUtilInitializations.determineLoopback(NetUtilInitializations.java:145)] - Loopback interface: lo (Software Loopback Interface 1, 127.0.0.1)
2023-06-01 19:19:19.333 DEBUG [Forwarding newSession on session null to remote] [io.netty.util.NetUtil$SoMaxConnAction.run(NetUtil.java:206)] - Failed to get SOMAXCONN from sysctl and file \proc\sys\net\core\somaxconn. Default: 200
2023-06-01 19:19:19.338 DEBUG [Forwarding newSession on session null to remote] [io.netty.channel.DefaultChannelId.<clinit>(DefaultChannelId.java:101)] - -Dio.netty.machineId: f0:77:c3:ff:fe:d5:a8:ea (auto-detected)
2023-06-01 19:19:19.367 DEBUG [AsyncHttpClient-1-2] [io.netty.buffer.AbstractByteBuf.<clinit>(AbstractByteBuf.java:63)] - -Dio.netty.buffer.checkAccessible: true
2023-06-01 19:19:19.367 DEBUG [AsyncHttpClient-1-2] [io.netty.buffer.AbstractByteBuf.<clinit>(AbstractByteBuf.java:64)] - -Dio.netty.buffer.checkBounds: true
2023-06-01 19:19:19.367 DEBUG [AsyncHttpClient-1-2] [io.netty.util.ResourceLeakDetectorFactory$DefaultResourceLeakDetectorFactory.newResourceLeakDetector(ResourceLeakDetectorFactory.java:196)] - Loaded default ResourceLeakDetector: io.netty.util.ResourceLeakDetector@32c790a1
2023-06-01 19:19:19.382 DEBUG [AsyncHttpClient-1-2] [io.netty.util.Recycler.<clinit>(Recycler.java:96)] - -Dio.netty.recycler.maxCapacityPerThread: 4096
2023-06-01 19:19:19.382 DEBUG [AsyncHttpClient-1-2] [io.netty.util.Recycler.<clinit>(Recycler.java:97)] - -Dio.netty.recycler.ratio: 8
2023-06-01 19:19:19.383 DEBUG [AsyncHttpClient-1-2] [io.netty.util.Recycler.<clinit>(Recycler.java:98)] - -Dio.netty.recycler.chunkSize: 32
2023-06-01 19:19:19.383 DEBUG [AsyncHttpClient-1-2] [io.netty.util.Recycler.<clinit>(Recycler.java:99)] - -Dio.netty.recycler.blocking: false
2023-06-01 19:19:19.383 DEBUG [AsyncHttpClient-1-2] [io.netty.util.Recycler.<clinit>(Recycler.java:100)] - -Dio.netty.recycler.batchFastThreadLocalOnly: true
2023-06-01 19:19:20.995 DEBUG [AsyncHttpClient-1-2] [io.netty.handler.codec.compression.Brotli.<clinit>(Brotli.java:38)] - brotli4j not in the classpath; Brotli support will be unavailable.
2023-06-01 19:19:22.352 INFO [main] [com.pages.DefaultHotelSearchPage.enterDestination(DefaultHotelSearchPage.java:73)] - User entered destination :-Mumbai
2023-06-01 19:19:22.642 INFO [main] [com.pages.DefaultHotelSearchPage.enterCheckInDate(DefaultHotelSearchPage.java:90)] - User selected check in date :-Thu Jun 15 2023
2023-06-01 19:19:24.147 INFO [main] [com.pages.DefaultHotelSearchPage.enterCheckOutDate(DefaultHotelSearchPage.java:111)] - User selected check out date :-Mon Jun 19 2023
2023-06-01 19:19:28.663 INFO [main] [com.pages.DefaultHotelSearchPage.selectRoomAndGuestCriteria(DefaultHotelSearchPage.java:128)] - User selected guest & rooms criteria as :-2 Rooms, 4 Adults
2023-06-01 19:19:34.256 DEBUG [main] [io.netty.util.internal.ThreadLocalRandom.newSeed(ThreadLocalRandom.java:214)] - -Dio.netty.initialSeedUniquifier: 0x8c889cb229a15711
